1682485467.679690 client started (13682): version 3.2a, socket /tmp/tmux-1000/default, protocol 8
1682485467.679709 on Linux 5.15.90.1-microsoft-standard-WSL2 #1 SMP Fri Jan 27 02:56:13 UTC 2023
1682485467.679810 using libevent 2.1.12-stable (poll); ncurses 6.3
1682485467.679826 flags are 0x10010000
1682485467.679828 socket is /tmp/tmux-1000/default
1682485467.679837 trying connect
1682485467.679895 add peer 0x562431f1daf0: 6 ((nil))
1682485467.680131 sending message 100 to peer 0x562431f1daf0 (4 bytes)
1682485467.680137 sending message 111 to peer 0x562431f1daf0 (8 bytes)
1682485467.680140 sending message 101 to peer 0x562431f1daf0 (7 bytes)
1682485467.680143 sending message 109 to peer 0x562431f1daf0 (4 bytes)
1682485467.680145 sending message 102 to peer 0x562431f1daf0 (11 bytes)
1682485467.680147 sending message 108 to peer 0x562431f1daf0 (26 bytes)
1682485467.680149 sending message 112 to peer 0x562431f1daf0 (70 bytes)
1682485467.680152 sending message 112 to peer 0x562431f1daf0 (5 bytes)
1682485467.680154 sending message 112 to peer 0x562431f1daf0 (5 bytes)
1682485467.680156 sending message 112 to peer 0x562431f1daf0 (6 bytes)
1682485467.680158 sending message 112 to peer 0x562431f1daf0 (6 bytes)
1682485467.680160 sending message 112 to peer 0x562431f1daf0 (11 bytes)
1682485467.680163 sending message 112 to peer 0x562431f1daf0 (10 bytes)
1682485467.680165 sending message 112 to peer 0x562431f1daf0 (13 bytes)
1682485467.680167 sending message 112 to peer 0x562431f1daf0 (13 bytes)
1682485467.680169 sending message 112 to peer 0x562431f1daf0 (18 bytes)
1682485467.680171 sending message 112 to peer 0x562431f1daf0 (9 bytes)
1682485467.680174 sending message 112 to peer 0x562431f1daf0 (21 bytes)
1682485467.680176 sending message 112 to peer 0x562431f1daf0 (13 bytes)
1682485467.680178 sending message 112 to peer 0x562431f1daf0 (7 bytes)
1682485467.680180 sending message 112 to peer 0x562431f1daf0 (13 bytes)
1682485467.680182 sending message 112 to peer 0x562431f1daf0 (7 bytes)
1682485467.680184 sending message 112 to peer 0x562431f1daf0 (13 bytes)
1682485467.680186 sending message 112 to peer 0x562431f1daf0 (9 bytes)
1682485467.680188 sending message 112 to peer 0x562431f1daf0 (21 bytes)
1682485467.680190 sending message 112 to peer 0x562431f1daf0 (13 bytes)
1682485467.680193 sending message 112 to peer 0x562431f1daf0 (8 bytes)
1682485467.680195 sending message 112 to peer 0x562431f1daf0 (12 bytes)
1682485467.680197 sending message 112 to peer 0x562431f1daf0 (13 bytes)
1682485467.680199 sending message 112 to peer 0x562431f1daf0 (9 bytes)
1682485467.680201 sending message 112 to peer 0x562431f1daf0 (9 bytes)
1682485467.680203 sending message 112 to peer 0x562431f1daf0 (12 bytes)
1682485467.680205 sending message 112 to peer 0x562431f1daf0 (8 bytes)
1682485467.680207 sending message 112 to peer 0x562431f1daf0 (7 bytes)
1682485467.680209 sending message 112 to peer 0x562431f1daf0 (7 bytes)
1682485467.680212 sending message 112 to peer 0x562431f1daf0 (9 bytes)
1682485467.680214 sending message 112 to peer 0x562431f1daf0 (13 bytes)
1682485467.680216 sending message 112 to peer 0x562431f1daf0 (9 bytes)
1682485467.680218 sending message 112 to peer 0x562431f1daf0 (15 bytes)
1682485467.680220 sending message 112 to peer 0x562431f1daf0 (13 bytes)
1682485467.680222 sending message 112 to peer 0x562431f1daf0 (12 bytes)
1682485467.680224 sending message 112 to peer 0x562431f1daf0 (8 bytes)
1682485467.680226 sending message 112 to peer 0x562431f1daf0 (14 bytes)
1682485467.680229 sending message 112 to peer 0x562431f1daf0 (9 bytes)
1682485467.680231 sending message 112 to peer 0x562431f1daf0 (10 bytes)
1682485467.680233 sending message 112 to peer 0x562431f1daf0 (10 bytes)
1682485467.680235 sending message 112 to peer 0x562431f1daf0 (10 bytes)
1682485467.680237 sending message 112 to peer 0x562431f1daf0 (10 bytes)
1682485467.680239 sending message 112 to peer 0x562431f1daf0 (11 bytes)
1682485467.680241 sending message 112 to peer 0x562431f1daf0 (10 bytes)
1682485467.680243 sending message 112 to peer 0x562431f1daf0 (8 bytes)
1682485467.680245 sending message 112 to peer 0x562431f1daf0 (11 bytes)
1682485467.680252 sending message 112 to peer 0x562431f1daf0 (11 bytes)
1682485467.680254 sending message 112 to peer 0x562431f1daf0 (11 bytes)
1682485467.680257 sending message 112 to peer 0x562431f1daf0 (8 bytes)
1682485467.680259 sending message 112 to peer 0x562431f1daf0 (8 bytes)
1682485467.680261 sending message 112 to peer 0x562431f1daf0 (8 bytes)
1682485467.680263 sending message 112 to peer 0x562431f1daf0 (10 bytes)
1682485467.680265 sending message 112 to peer 0x562431f1daf0 (10 bytes)
1682485467.680268 sending message 112 to peer 0x562431f1daf0 (10 bytes)
1682485467.680270 sending message 112 to peer 0x562431f1daf0 (10 bytes)
1682485467.680272 sending message 112 to peer 0x562431f1daf0 (10 bytes)
1682485467.680274 sending message 112 to peer 0x562431f1daf0 (11 bytes)
1682485467.680276 sending message 112 to peer 0x562431f1daf0 (11 bytes)
1682485467.680278 sending message 112 to peer 0x562431f1daf0 (10 bytes)
1682485467.680280 sending message 112 to peer 0x562431f1daf0 (9 bytes)
1682485467.680282 sending message 112 to peer 0x562431f1daf0 (9 bytes)
1682485467.680284 sending message 112 to peer 0x562431f1daf0 (12 bytes)
1682485467.680287 sending message 112 to peer 0x562431f1daf0 (9 bytes)
1682485467.680289 sending message 112 to peer 0x562431f1daf0 (6 bytes)
1682485467.680291 sending message 112 to peer 0x562431f1daf0 (8 bytes)
1682485467.680293 sending message 112 to peer 0x562431f1daf0 (15 bytes)
1682485467.680295 sending message 112 to peer 0x562431f1daf0 (13 bytes)
1682485467.680297 sending message 112 to peer 0x562431f1daf0 (16 bytes)
1682485467.680299 sending message 112 to peer 0x562431f1daf0 (16 bytes)
1682485467.680301 sending message 112 to peer 0x562431f1daf0 (10 bytes)
1682485467.680303 sending message 112 to peer 0x562431f1daf0 (8 bytes)
1682485467.680305 sending message 112 to peer 0x562431f1daf0 (15 bytes)
1682485467.680307 sending message 112 to peer 0x562431f1daf0 (13 bytes)
1682485467.680310 sending message 112 to peer 0x562431f1daf0 (10 bytes)
1682485467.680312 sending message 112 to peer 0x562431f1daf0 (10 bytes)
1682485467.680314 sending message 112 to peer 0x562431f1daf0 (5 bytes)
1682485467.680316 sending message 112 to peer 0x562431f1daf0 (15 bytes)
1682485467.680318 sending message 104 to peer 0x562431f1daf0 (0 bytes)
1682485467.680321 sending message 110 to peer 0x562431f1daf0 (0 bytes)
1682485467.680323 sending message 107 to peer 0x562431f1daf0 (4 bytes)
1682485467.680325 sending message 105 to peer 0x562431f1daf0 (16 bytes)
1682485467.680327 sending message 105 to peer 0x562431f1daf0 (24 bytes)
1682485467.680330 sending message 105 to peer 0x562431f1daf0 (26 bytes)
1682485467.680332 sending message 105 to peer 0x562431f1daf0 (23 bytes)
1682485467.680334 sending message 105 to peer 0x562431f1daf0 (36 bytes)
1682485467.680336 sending message 105 to peer 0x562431f1daf0 (48 bytes)
1682485467.680338 sending message 105 to peer 0x562431f1daf0 (21 bytes)
1682485467.680340 sending message 105 to peer 0x562431f1daf0 (30 bytes)
1682485467.680342 sending message 105 to peer 0x562431f1daf0 (15 bytes)
1682485467.680344 sending message 105 to peer 0x562431f1daf0 (23 bytes)
1682485467.680346 sending message 105 to peer 0x562431f1daf0 (18 bytes)
1682485467.680349 sending message 105 to peer 0x562431f1daf0 (13 bytes)
1682485467.680351 sending message 105 to peer 0x562431f1daf0 (31 bytes)
1682485467.680353 sending message 105 to peer 0x562431f1daf0 (1519 bytes)
1682485467.680362 sending message 105 to peer 0x562431f1daf0 (26 bytes)
1682485467.680364 sending message 105 to peer 0x562431f1daf0 (34 bytes)
1682485467.680367 sending message 105 to peer 0x562431f1daf0 (12 bytes)
1682485467.680369 sending message 105 to peer 0x562431f1daf0 (32 bytes)
1682485467.680371 sending message 105 to peer 0x562431f1daf0 (12 bytes)
1682485467.680373 sending message 105 to peer 0x562431f1daf0 (13 bytes)
1682485467.680375 sending message 105 to peer 0x562431f1daf0 (11 bytes)
1682485467.680377 sending message 105 to peer 0x562431f1daf0 (8 bytes)
1682485467.680379 sending message 105 to peer 0x562431f1daf0 (38 bytes)
1682485467.680384 sending message 105 to peer 0x562431f1daf0 (33 bytes)
1682485467.680386 sending message 105 to peer 0x562431f1daf0 (65 bytes)
1682485467.680389 sending message 105 to peer 0x562431f1daf0 (2748 bytes)
1682485467.680391 sending message 105 to peer 0x562431f1daf0 (16 bytes)
1682485467.680394 sending message 105 to peer 0x562431f1daf0 (40 bytes)
1682485467.680396 sending message 105 to peer 0x562431f1daf0 (53 bytes)
1682485467.680398 sending message 105 to peer 0x562431f1daf0 (28 bytes)
1682485467.680400 sending message 105 to peer 0x562431f1daf0 (18 bytes)
1682485467.680402 sending message 105 to peer 0x562431f1daf0 (16 bytes)
1682485467.680404 sending message 106 to peer 0x562431f1daf0 (0 bytes)
1682485467.680407 sending message 200 to peer 0x562431f1daf0 (4 bytes)
1682485467.680409 client loop enter
1682485467.680971 peer 0x562431f1daf0 message 303
1682485467.680981 open write file 2 -
1682485467.680987 sending message 305 to peer 0x562431f1daf0 (8 bytes)
1682485467.680993 write check file 2
1682485467.681163 peer 0x562431f1daf0 message 304
1682485467.681169 write 58 to file 2
1682485467.681173 peer 0x562431f1daf0 message 203
1682485467.681176 file 2 58 bytes left
1682485467.681207 write check file 2
1682485467.681213 client loop exit
