1682485472.345603 client started (13684): version 3.2a, socket /tmp/tmux-1000/default, protocol 8
1682485472.345622 on Linux 5.15.90.1-microsoft-standard-WSL2 #1 SMP Fri Jan 27 02:56:13 UTC 2023
1682485472.345625 using libevent 2.1.12-stable (poll); ncurses 6.3
1682485472.345634 flags are 0x18010000
1682485472.345636 socket is /tmp/tmux-1000/default
1682485472.345699 trying connect
1682485472.345713 connect failed: Connection refused
1682485472.345719 lock file is /tmp/tmux-1000/default.lock
1682485472.345741 flock succeeded
1682485472.345743 got lock (6)
1682485472.345746 trying connect
1682485472.345749 connect failed: Connection refused
1682485472.345924 add peer 0x56050ff97b90: 7 ((nil))
1682485472.346188 sending message 100 to peer 0x56050ff97b90 (4 bytes)
1682485472.346195 sending message 111 to peer 0x56050ff97b90 (8 bytes)
1682485472.346198 sending message 101 to peer 0x56050ff97b90 (15 bytes)
1682485472.346200 sending message 109 to peer 0x56050ff97b90 (4 bytes)
1682485472.346203 sending message 102 to peer 0x56050ff97b90 (11 bytes)
1682485472.346205 sending message 108 to peer 0x56050ff97b90 (26 bytes)
1682485472.346207 sending message 112 to peer 0x56050ff97b90 (58 bytes)
1682485472.346210 sending message 112 to peer 0x56050ff97b90 (5 bytes)
1682485472.346212 sending message 112 to peer 0x56050ff97b90 (5 bytes)
1682485472.346214 sending message 112 to peer 0x56050ff97b90 (6 bytes)
1682485472.346216 sending message 112 to peer 0x56050ff97b90 (6 bytes)
1682485472.346218 sending message 112 to peer 0x56050ff97b90 (11 bytes)
1682485472.346220 sending message 112 to peer 0x56050ff97b90 (10 bytes)
1682485472.346222 sending message 112 to peer 0x56050ff97b90 (13 bytes)
1682485472.346224 sending message 112 to peer 0x56050ff97b90 (14 bytes)
1682485472.346226 sending message 112 to peer 0x56050ff97b90 (19 bytes)
1682485472.346229 sending message 112 to peer 0x56050ff97b90 (11 bytes)
1682485472.346231 sending message 112 to peer 0x56050ff97b90 (10 bytes)
1682485472.346233 sending message 112 to peer 0x56050ff97b90 (15 bytes)
1682485472.346235 sending message 112 to peer 0x56050ff97b90 (21 bytes)
1682485472.346237 sending message 112 to peer 0x56050ff97b90 (13 bytes)
1682485472.346239 sending message 112 to peer 0x56050ff97b90 (7 bytes)
1682485472.346242 sending message 112 to peer 0x56050ff97b90 (13 bytes)
1682485472.346244 sending message 112 to peer 0x56050ff97b90 (7 bytes)
1682485472.346246 sending message 112 to peer 0x56050ff97b90 (13 bytes)
1682485472.346248 sending message 112 to peer 0x56050ff97b90 (9 bytes)
1682485472.346250 sending message 112 to peer 0x56050ff97b90 (21 bytes)
1682485472.346253 sending message 112 to peer 0x56050ff97b90 (13 bytes)
1682485472.346255 sending message 112 to peer 0x56050ff97b90 (9 bytes)
1682485472.346257 sending message 112 to peer 0x56050ff97b90 (16 bytes)
1682485472.346260 sending message 112 to peer 0x56050ff97b90 (13 bytes)
1682485472.346262 sending message 112 to peer 0x56050ff97b90 (9 bytes)
1682485472.346264 sending message 112 to peer 0x56050ff97b90 (9 bytes)
1682485472.346266 sending message 112 to peer 0x56050ff97b90 (12 bytes)
1682485472.346269 sending message 112 to peer 0x56050ff97b90 (8 bytes)
1682485472.346271 sending message 112 to peer 0x56050ff97b90 (8 bytes)
1682485472.346273 sending message 112 to peer 0x56050ff97b90 (13 bytes)
1682485472.346275 sending message 112 to peer 0x56050ff97b90 (7 bytes)
1682485472.346277 sending message 112 to peer 0x56050ff97b90 (7 bytes)
1682485472.346280 sending message 112 to peer 0x56050ff97b90 (9 bytes)
1682485472.346282 sending message 112 to peer 0x56050ff97b90 (9 bytes)
1682485472.346284 sending message 112 to peer 0x56050ff97b90 (15 bytes)
1682485472.346286 sending message 112 to peer 0x56050ff97b90 (13 bytes)
1682485472.346289 sending message 112 to peer 0x56050ff97b90 (12 bytes)
1682485472.346291 sending message 112 to peer 0x56050ff97b90 (8 bytes)
1682485472.346293 sending message 112 to peer 0x56050ff97b90 (14 bytes)
1682485472.346296 sending message 112 to peer 0x56050ff97b90 (11 bytes)
1682485472.346298 sending message 112 to peer 0x56050ff97b90 (9 bytes)
1682485472.346306 sending message 112 to peer 0x56050ff97b90 (10 bytes)
1682485472.346308 sending message 112 to peer 0x56050ff97b90 (10 bytes)
1682485472.346310 sending message 112 to peer 0x56050ff97b90 (10 bytes)
1682485472.346312 sending message 112 to peer 0x56050ff97b90 (10 bytes)
1682485472.346315 sending message 112 to peer 0x56050ff97b90 (11 bytes)
1682485472.346317 sending message 112 to peer 0x56050ff97b90 (12 bytes)
1682485472.346319 sending message 112 to peer 0x56050ff97b90 (12 bytes)
1682485472.346322 sending message 112 to peer 0x56050ff97b90 (12 bytes)
1682485472.346324 sending message 112 to peer 0x56050ff97b90 (12 bytes)
1682485472.346326 sending message 112 to peer 0x56050ff97b90 (12 bytes)
1682485472.346328 sending message 112 to peer 0x56050ff97b90 (11 bytes)
1682485472.346331 sending message 112 to peer 0x56050ff97b90 (11 bytes)
1682485472.346333 sending message 112 to peer 0x56050ff97b90 (12 bytes)
1682485472.346335 sending message 112 to peer 0x56050ff97b90 (12 bytes)
1682485472.346338 sending message 112 to peer 0x56050ff97b90 (12 bytes)
1682485472.346340 sending message 112 to peer 0x56050ff97b90 (12 bytes)
1682485472.346342 sending message 112 to peer 0x56050ff97b90 (12 bytes)
1682485472.346344 sending message 112 to peer 0x56050ff97b90 (9 bytes)
1682485472.346346 sending message 112 to peer 0x56050ff97b90 (12 bytes)
1682485472.346349 sending message 112 to peer 0x56050ff97b90 (13 bytes)
1682485472.346351 sending message 112 to peer 0x56050ff97b90 (13 bytes)
1682485472.346353 sending message 112 to peer 0x56050ff97b90 (13 bytes)
1682485472.346355 sending message 112 to peer 0x56050ff97b90 (13 bytes)
1682485472.346358 sending message 112 to peer 0x56050ff97b90 (13 bytes)
1682485472.346360 sending message 112 to peer 0x56050ff97b90 (8 bytes)
1682485472.346362 sending message 112 to peer 0x56050ff97b90 (11 bytes)
1682485472.346364 sending message 112 to peer 0x56050ff97b90 (11 bytes)
1682485472.346367 sending message 112 to peer 0x56050ff97b90 (11 bytes)
1682485472.346369 sending message 112 to peer 0x56050ff97b90 (12 bytes)
1682485472.346371 sending message 112 to peer 0x56050ff97b90 (12 bytes)
1682485472.346373 sending message 112 to peer 0x56050ff97b90 (12 bytes)
1682485472.346376 sending message 112 to peer 0x56050ff97b90 (12 bytes)
1682485472.346378 sending message 112 to peer 0x56050ff97b90 (13 bytes)
1682485472.346380 sending message 112 to peer 0x56050ff97b90 (13 bytes)
1682485472.346382 sending message 112 to peer 0x56050ff97b90 (13 bytes)
1682485472.346385 sending message 112 to peer 0x56050ff97b90 (8 bytes)
1682485472.346387 sending message 112 to peer 0x56050ff97b90 (13 bytes)
1682485472.346389 sending message 112 to peer 0x56050ff97b90 (13 bytes)
1682485472.346392 sending message 112 to peer 0x56050ff97b90 (13 bytes)
1682485472.346394 sending message 112 to peer 0x56050ff97b90 (13 bytes)
1682485472.346396 sending message 112 to peer 0x56050ff97b90 (13 bytes)
1682485472.346398 sending message 112 to peer 0x56050ff97b90 (12 bytes)
1682485472.346401 sending message 112 to peer 0x56050ff97b90 (12 bytes)
1682485472.346403 sending message 112 to peer 0x56050ff97b90 (12 bytes)
1682485472.346405 sending message 112 to peer 0x56050ff97b90 (12 bytes)
1682485472.346407 sending message 112 to peer 0x56050ff97b90 (13 bytes)
1682485472.346409 sending message 112 to peer 0x56050ff97b90 (8 bytes)
1682485472.346412 sending message 112 to peer 0x56050ff97b90 (13 bytes)
1682485472.346414 sending message 112 to peer 0x56050ff97b90 (13 bytes)
1682485472.346416 sending message 112 to peer 0x56050ff97b90 (13 bytes)
1682485472.346418 sending message 112 to peer 0x56050ff97b90 (13 bytes)
1682485472.346421 sending message 112 to peer 0x56050ff97b90 (13 bytes)
1682485472.346423 sending message 112 to peer 0x56050ff97b90 (13 bytes)
1682485472.346425 sending message 112 to peer 0x56050ff97b90 (13 bytes)
1682485472.346427 sending message 112 to peer 0x56050ff97b90 (12 bytes)
1682485472.346430 sending message 112 to peer 0x56050ff97b90 (12 bytes)
1682485472.346432 sending message 112 to peer 0x56050ff97b90 (12 bytes)
1682485472.346436 sending message 112 to peer 0x56050ff97b90 (8 bytes)
1682485472.346438 sending message 112 to peer 0x56050ff97b90 (12 bytes)
1682485472.346441 sending message 112 to peer 0x56050ff97b90 (13 bytes)
1682485472.346443 sending message 112 to peer 0x56050ff97b90 (13 bytes)
1682485472.346445 sending message 112 to peer 0x56050ff97b90 (13 bytes)
1682485472.346447 sending message 112 to peer 0x56050ff97b90 (13 bytes)
1682485472.346449 sending message 112 to peer 0x56050ff97b90 (13 bytes)
1682485472.346452 sending message 112 to peer 0x56050ff97b90 (13 bytes)
1682485472.346454 sending message 112 to peer 0x56050ff97b90 (13 bytes)
1682485472.346456 sending message 112 to peer 0x56050ff97b90 (13 bytes)
1682485472.346458 sending message 112 to peer 0x56050ff97b90 (12 bytes)
1682485472.346461 sending message 112 to peer 0x56050ff97b90 (10 bytes)
1682485472.346463 sending message 112 to peer 0x56050ff97b90 (12 bytes)
1682485472.346465 sending message 112 to peer 0x56050ff97b90 (12 bytes)
1682485472.346467 sending message 112 to peer 0x56050ff97b90 (12 bytes)
1682485472.346469 sending message 112 to peer 0x56050ff97b90 (13 bytes)
1682485472.346472 sending message 112 to peer 0x56050ff97b90 (13 bytes)
1682485472.346474 sending message 112 to peer 0x56050ff97b90 (13 bytes)
1682485472.346476 sending message 112 to peer 0x56050ff97b90 (13 bytes)
1682485472.346478 sending message 112 to peer 0x56050ff97b90 (13 bytes)
1682485472.346481 sending message 112 to peer 0x56050ff97b90 (13 bytes)
1682485472.346483 sending message 112 to peer 0x56050ff97b90 (13 bytes)
1682485472.346485 sending message 112 to peer 0x56050ff97b90 (10 bytes)
1682485472.346487 sending message 112 to peer 0x56050ff97b90 (13 bytes)
1682485472.346490 sending message 112 to peer 0x56050ff97b90 (12 bytes)
1682485472.346492 sending message 112 to peer 0x56050ff97b90 (12 bytes)
1682485472.346494 sending message 112 to peer 0x56050ff97b90 (12 bytes)
1682485472.346496 sending message 112 to peer 0x56050ff97b90 (10 bytes)
1682485472.346498 sending message 112 to peer 0x56050ff97b90 (10 bytes)
1682485472.346501 sending message 112 to peer 0x56050ff97b90 (10 bytes)
1682485472.346503 sending message 112 to peer 0x56050ff97b90 (12 bytes)
1682485472.346505 sending message 112 to peer 0x56050ff97b90 (13 bytes)
1682485472.346507 sending message 112 to peer 0x56050ff97b90 (13 bytes)
1682485472.346510 sending message 112 to peer 0x56050ff97b90 (13 bytes)
1682485472.346512 sending message 112 to peer 0x56050ff97b90 (13 bytes)
1682485472.346514 sending message 112 to peer 0x56050ff97b90 (13 bytes)
1682485472.346517 sending message 112 to peer 0x56050ff97b90 (10 bytes)
1682485472.346519 sending message 112 to peer 0x56050ff97b90 (11 bytes)
1682485472.346521 sending message 112 to peer 0x56050ff97b90 (12 bytes)
1682485472.346523 sending message 112 to peer 0x56050ff97b90 (12 bytes)
1682485472.346526 sending message 112 to peer 0x56050ff97b90 (12 bytes)
1682485472.346528 sending message 112 to peer 0x56050ff97b90 (12 bytes)
1682485472.346530 sending message 112 to peer 0x56050ff97b90 (12 bytes)
1682485472.346532 sending message 112 to peer 0x56050ff97b90 (11 bytes)
1682485472.346535 sending message 112 to peer 0x56050ff97b90 (12 bytes)
1682485472.346537 sending message 112 to peer 0x56050ff97b90 (12 bytes)
1682485472.346539 sending message 112 to peer 0x56050ff97b90 (13 bytes)
1682485472.346541 sending message 112 to peer 0x56050ff97b90 (13 bytes)
1682485472.346543 sending message 112 to peer 0x56050ff97b90 (13 bytes)
1682485472.346546 sending message 112 to peer 0x56050ff97b90 (13 bytes)
1682485472.346548 sending message 112 to peer 0x56050ff97b90 (13 bytes)
1682485472.346550 sending message 112 to peer 0x56050ff97b90 (10 bytes)
1682485472.346553 sending message 112 to peer 0x56050ff97b90 (9 bytes)
1682485472.346555 sending message 112 to peer 0x56050ff97b90 (12 bytes)
1682485472.346557 sending message 112 to peer 0x56050ff97b90 (13 bytes)
1682485472.346559 sending message 112 to peer 0x56050ff97b90 (13 bytes)
1682485472.346562 sending message 112 to peer 0x56050ff97b90 (13 bytes)
1682485472.346566 sending message 112 to peer 0x56050ff97b90 (13 bytes)
1682485472.346568 sending message 112 to peer 0x56050ff97b90 (13 bytes)
1682485472.346570 sending message 112 to peer 0x56050ff97b90 (9 bytes)
1682485472.346573 sending message 112 to peer 0x56050ff97b90 (12 bytes)
1682485472.346575 sending message 112 to peer 0x56050ff97b90 (13 bytes)
1682485472.346577 sending message 112 to peer 0x56050ff97b90 (13 bytes)
1682485472.346579 sending message 112 to peer 0x56050ff97b90 (13 bytes)
1682485472.346581 sending message 112 to peer 0x56050ff97b90 (13 bytes)
1682485472.346584 sending message 112 to peer 0x56050ff97b90 (13 bytes)
1682485472.346586 sending message 112 to peer 0x56050ff97b90 (11 bytes)
1682485472.346588 sending message 112 to peer 0x56050ff97b90 (12 bytes)
1682485472.346590 sending message 112 to peer 0x56050ff97b90 (13 bytes)
1682485472.346592 sending message 112 to peer 0x56050ff97b90 (13 bytes)
1682485472.346594 sending message 112 to peer 0x56050ff97b90 (13 bytes)
1682485472.346596 sending message 112 to peer 0x56050ff97b90 (13 bytes)
1682485472.346599 sending message 112 to peer 0x56050ff97b90 (13 bytes)
1682485472.346601 sending message 112 to peer 0x56050ff97b90 (11 bytes)
1682485472.346603 sending message 112 to peer 0x56050ff97b90 (12 bytes)
1682485472.346605 sending message 112 to peer 0x56050ff97b90 (12 bytes)
1682485472.346607 sending message 112 to peer 0x56050ff97b90 (12 bytes)
1682485472.346610 sending message 112 to peer 0x56050ff97b90 (12 bytes)
1682485472.346612 sending message 112 to peer 0x56050ff97b90 (12 bytes)
1682485472.346615 sending message 112 to peer 0x56050ff97b90 (21 bytes)
1682485472.346617 sending message 112 to peer 0x56050ff97b90 (12 bytes)
1682485472.346619 sending message 112 to peer 0x56050ff97b90 (9 bytes)
1682485472.346622 sending message 112 to peer 0x56050ff97b90 (6 bytes)
1682485472.346624 sending message 112 to peer 0x56050ff97b90 (13 bytes)
1682485472.346626 sending message 112 to peer 0x56050ff97b90 (10 bytes)
1682485472.346628 sending message 112 to peer 0x56050ff97b90 (24 bytes)
1682485472.346630 sending message 112 to peer 0x56050ff97b90 (13 bytes)
1682485472.346632 sending message 112 to peer 0x56050ff97b90 (9 bytes)
1682485472.346635 sending message 112 to peer 0x56050ff97b90 (70 bytes)
1682485472.346637 sending message 112 to peer 0x56050ff97b90 (69 bytes)
1682485472.346639 sending message 112 to peer 0x56050ff97b90 (12 bytes)
1682485472.346641 sending message 112 to peer 0x56050ff97b90 (10 bytes)
1682485472.346643 sending message 112 to peer 0x56050ff97b90 (10 bytes)
1682485472.346645 sending message 112 to peer 0x56050ff97b90 (24 bytes)
1682485472.346647 sending message 112 to peer 0x56050ff97b90 (13 bytes)
1682485472.346651 sending message 112 to peer 0x56050ff97b90 (10 bytes)
1682485472.346653 sending message 112 to peer 0x56050ff97b90 (10 bytes)
1682485472.346655 sending message 112 to peer 0x56050ff97b90 (10 bytes)
1682485472.346657 sending message 112 to peer 0x56050ff97b90 (13 bytes)
1682485472.346659 sending message 112 to peer 0x56050ff97b90 (15 bytes)
1682485472.346661 sending message 112 to peer 0x56050ff97b90 (5 bytes)
1682485472.346664 sending message 104 to peer 0x56050ff97b90 (0 bytes)
1682485472.346666 sending message 110 to peer 0x56050ff97b90 (0 bytes)
1682485472.346669 sending message 107 to peer 0x56050ff97b90 (4 bytes)
1682485472.346671 sending message 105 to peer 0x56050ff97b90 (16 bytes)
1682485472.346674 sending message 105 to peer 0x56050ff97b90 (24 bytes)
1682485472.346676 sending message 105 to peer 0x56050ff97b90 (23 bytes)
1682485472.346678 sending message 105 to peer 0x56050ff97b90 (48 bytes)
1682485472.346680 sending message 105 to peer 0x56050ff97b90 (21 bytes)
1682485472.346682 sending message 105 to peer 0x56050ff97b90 (30 bytes)
1682485472.346684 sending message 105 to peer 0x56050ff97b90 (15 bytes)
1682485472.346688 sending message 105 to peer 0x56050ff97b90 (23 bytes)
1682485472.346690 sending message 105 to peer 0x56050ff97b90 (18 bytes)
1682485472.346692 sending message 105 to peer 0x56050ff97b90 (13 bytes)
1682485472.346697 sending message 105 to peer 0x56050ff97b90 (31 bytes)
1682485472.346700 sending message 105 to peer 0x56050ff97b90 (1519 bytes)
1682485472.346711 sending message 105 to peer 0x56050ff97b90 (26 bytes)
1682485472.346713 sending message 105 to peer 0x56050ff97b90 (34 bytes)
1682485472.346715 sending message 105 to peer 0x56050ff97b90 (20 bytes)
1682485472.346718 sending message 105 to peer 0x56050ff97b90 (32 bytes)
1682485472.346720 sending message 105 to peer 0x56050ff97b90 (12 bytes)
1682485472.346722 sending message 105 to peer 0x56050ff97b90 (11 bytes)
1682485472.346725 sending message 105 to peer 0x56050ff97b90 (8 bytes)
1682485472.346727 sending message 105 to peer 0x56050ff97b90 (38 bytes)
1682485472.346729 sending message 105 to peer 0x56050ff97b90 (33 bytes)
1682485472.346731 sending message 105 to peer 0x56050ff97b90 (65 bytes)
1682485472.346734 sending message 105 to peer 0x56050ff97b90 (2748 bytes)
1682485472.346737 sending message 105 to peer 0x56050ff97b90 (16 bytes)
1682485472.346739 sending message 105 to peer 0x56050ff97b90 (40 bytes)
1682485472.346741 sending message 105 to peer 0x56050ff97b90 (53 bytes)
1682485472.346743 sending message 105 to peer 0x56050ff97b90 (16 bytes)
1682485472.346745 sending message 105 to peer 0x56050ff97b90 (28 bytes)
1682485472.346747 sending message 106 to peer 0x56050ff97b90 (0 bytes)
1682485472.346752 sending message 200 to peer 0x56050ff97b90 (4 bytes)
1682485472.346754 client loop enter
1682485472.346784 client_signal: Child exited
1682485472.386030 peer 0x56050ff97b90 message 207
1682485472.386054 sending message 208 to peer 0x56050ff97b90 (0 bytes)
1682485474.626638 peer 0x56050ff97b90 message 203
1682485474.626654 sending message 205 to peer 0x56050ff97b90 (0 bytes)
1682485474.627002 peer 0x56050ff97b90 message 204
1682485474.627020 client loop exit
